\BOOKMARK [1][-]{section.1}{Einf\374hrung}{}% 1
\BOOKMARK [2][-]{subsection.1.1}{Zweck des Dokuments}{section.1}% 2
\BOOKMARK [2][-]{subsection.1.2}{Zielpublikum}{section.1}% 3
\BOOKMARK [2][-]{subsection.1.3}{Versionierung}{section.1}% 4
\BOOKMARK [2][-]{subsection.1.4}{Glossar}{section.1}% 5
\BOOKMARK [1][-]{section.2}{Ausgangslage}{}% 6
\BOOKMARK [1][-]{section.3}{Ziele}{}% 7
\BOOKMARK [1][-]{section.4}{Scope}{}% 8
\BOOKMARK [1][-]{section.5}{Anforderung}{}% 9
\BOOKMARK [2][-]{subsection.5.1}{funktionale Anforderungen}{section.5}% 10
\BOOKMARK [2][-]{subsection.5.2}{nicht-funktionale Anforderungen}{section.5}% 11
\BOOKMARK [1][-]{section.6}{Resultate}{}% 12
\BOOKMARK [1][-]{section.7}{Business Case}{}% 13
\BOOKMARK [1][-]{section.8}{Systemdesign}{}% 14
\BOOKMARK [2][-]{subsection.8.1}{Kontextdiagramm}{section.8}% 15
\BOOKMARK [2][-]{subsection.8.2}{Umsetzung von ...}{section.8}% 16
\BOOKMARK [2][-]{subsection.8.3}{Sequenzdiagramm}{section.8}% 17
\BOOKMARK [2][-]{subsection.8.4}{Klassendiagramm}{section.8}% 18
\BOOKMARK [3][-]{subsubsection.8.4.1}{Klassdetails}{subsection.8.4}% 19
\BOOKMARK [1][-]{section.9}{Schnittstellen}{}% 20
